<?xml version="1.0" encoding="UTF-8"?>
<testng-results skipped="0" failed="0" ignored="0" total="2" passed="2">
  <reporter-output>
  </reporter-output>
  <suite name="Default suite" duration-ms="71773" started-at="2022-01-17T15:43:55 IST" finished-at="2022-01-17T15:45:07 IST">
    <groups>
    </groups>
    <test name="Default test" duration-ms="71773" started-at="2022-01-17T15:43:55 IST" finished-at="2022-01-17T15:45:07 IST">
      <class name="seleniumcasestudy.demo1">
        <test-method status="PASS" signature="browser()[pri:0, instance:seleniumcasestudy.demo1@7a3d45bd]" name="browser" is-config="true" duration-ms="6511" started-at="2022-01-17T15:43:55 IST" finished-at="2022-01-17T15:44:01 IST">
          <reporter-output>
          </reporter-output>
        </test-method> <!-- browser -->
        <test-method status="PASS" signature="testing()[pri:0, instance:seleniumcasestudy.demo1@7a3d45bd]" name="testing" duration-ms="16862" started-at="2022-01-17T15:44:01 IST" finished-at="2022-01-17T15:44:18 IST">
          <reporter-output>
          </reporter-output>
        </test-method> <!-- testing -->
        <test-method status="PASS" signature="test()[pri:1, instance:seleniumcasestudy.demo1@7a3d45bd]" name="test" duration-ms="33933" started-at="2022-01-17T15:44:18 IST" depends-on-methods="seleniumcasestudy.demo1.testing" finished-at="2022-01-17T15:44:52 IST">
          <reporter-output>
          </reporter-output>
        </test-method> <!-- test -->
        <test-method status="PASS" signature="logout()[pri:0, instance:seleniumcasestudy.demo1@7a3d45bd]" name="logout" is-config="true" duration-ms="14372" started-at="2022-01-17T15:44:52 IST" finished-at="2022-01-17T15:45:07 IST">
          <reporter-output>
          </reporter-output>
        </test-method> <!-- logout -->
      </class> <!-- seleniumcasestudy.demo1 -->
    </test> <!-- Default test -->
  </suite> <!-- Default suite -->
</testng-results>
